1 32 8000 359.35
2 32 8000 1194
2 4 3000 1790.65
2 4 1000 1185.525
2 4 3000 1848.9
2 4 5000 938.25
2 4 5000 2115.325
8 8 1000 2289.48333333
0 16 1000 0.1
0 16 1000 0.1
1 16 1000 0
1 16 1000 0
1 16 1000 0
0 16 1000 0
1 16 1000 0
0 4 1000 0.1
0 4 1000 0.1
0 4 1000 0
0 4 1000
2 4 1000
1 4 1000
0 4 1000 185.5
1 16 1000 0
1 16 1000 0
0 16 1000 163.8
0 10 16 0
0 16 1000 0.0
0 10 16 0
0 16 1000 0.0
0 16 1000 0.0
0 16 1000 0.0
0 4 1000 800.0
0 8 1000 579.933333333
2 8 1000
2 8 200 147.011111111
2 8 200
2 8 200 184.158333333
2 8 200 72.2333333333
2 8 200 200.408333333
2 8 200 208.441666667
2 8 200 195.225
2 8 200 88.1583333333
2 8 200 201.391666667
0 4 1000 0
2 4 200 176.0
2 4 200 88.2
2 4 100 0.0
2 4 100
2 4 100 0.0
2 4 100 0.0
0 8 8000 2123.0666666666666
0 8 8000 0
0 8 8000 1115.2
0 8 8000 514.1
0 8 8000 350.3833333333333
0 16 8000 1293.8166666666666
0 16 10000 0.0
0 16 8000 193.43333333333334
0 16 8000
0 16 8000 0
0 16 8000 1955.0333333333333
2 16 4000 250.13333333333333
2 16 4000
2 16 3000 1215.55
3 16 3000 749.95
3 16 3000
4 16 3000
2 2 10 0.6666666666666666
2 2 10 0.0
2 2 10 0.3333333333333333
2 2 10 2.766666666666667
2 2 10 2.3000000000000003
2 2 10 1.3666666666666665
2 2 10 0.3333333333333333
2 2 10 1.3666666666666665
2 2 10 0.0
2 2 10 0.0
2 2 10 0.0
2 2 10 0.0
2 2 10 0.0
2 2 10 0.0
2 2 10 0.0
2 2 10 1.3333333333333333
2 2 10 2.6666666666666665
2 2 10 0.26666666666666666
2 2 10 2.733333333333333
2 2 10 0.3333333333333333
2 2 10 0.2333333333333333
2 2 10 2.9
2 2 10 0.8333333333333334
2 2 10 0.6666666666666666
2 2 10 4.833333333333333
2 2 10 3.0
2 2 10 0.0
2 2 10 0.0
2 2 10 0.26666666666666666
2 2 10 0.5666666666666668
2 2 10 0.7333333333333334
2 2 10 0.9333333333333332
2 2 10 0.0
2 2 2 0.0
2 2 10 0.3333333333333333
2 2 10 1.0
2 2 10 0.13333333333333333
2 2 10 0.7666666666666666
2 2 10 6.099999999999999
2 2 10 5.933333333333333
2 2 10 6.333333333333333
2 2 10 0.0
2 2 10 4.3
2 2 10 1.5999999999999999
2 2 4 0.0
2 2 4 0.0
2 2 4 0.0
2 2 4 0.26666666666666666
2 2 5 2.4
2 2 2 0.06666666666666667
2 2 100 50.0
